Title,Date of First Article,Articles,Terms,Positiv,Negativ,Active,Passive,Strong,Weak,Econ@,POLIT,Milit
Friday: 03/04/2015,2015-04-03T02:30:00.000+01:00,89,0.29361737325986914,0.22667465256512517,-0.3682968938393917,0.04414501717064822,0.0641276203848185,-0.23304826960485173,0.07987537955410641,0.3737687711264855,-0.005255106366688615,0.8677549674718923
Tuesday: 14/04/2015,2015-04-14T13:30:00.000+01:00,343,-0.669158542705997,0.3128659771357923,-0.7295129216381002,0.3420832069672441,0.001828251882223977,-0.6333763716043469,0.11446458924392976,-0.029263182713718285,-0.1550899453384887,-0.14203032050646708
Wednesday: 08/04/2015,2015-04-08T02:30:00.000+01:00,133,0.7457014062523408,0.1454688526804215,0.09223364499761788,0.25456925783162687,-0.34295156867261506,-0.0007117896512913382,-0.023278612006123377,-0.14691239885039026,0.12096840393923289,1.2485547027358623
Sunday: 05/04/2015,2015-04-05T02:30:00.000+01:00,37,1.456061790430458,0.15059258688399005,0.2375894532834087,-0.09224287038907025,0.554228490258809,-0.5455929936558727,0.60208362266198,0.06725809792277702,-0.5117468426516653,0.7507639232757385
Thursday: 16/04/2015,2015-04-16T02:30:00.000+01:00,114,-0.05542018871026169,0.15120821427906098,-0.4921231442907302,-0.12817325793858528,-0.16811765139626364,-0.12495737406085008,-0.12218262936985991,-0.3003981442111307,-0.2890507829009846,-0.14511479349564552
Sunday: 12/04/2015,2015-04-12T02:30:00.000+01:00,113,-0.026964491484791308,0.2418153075956149,-0.2784831389776261,-0.38132626211934517,0.0011733357334816862,-0.1710828062223699,0.41357028789478717,-0.06182267998183198,-0.22424739660663986,-0.8283952696029222
Thursday: 02/04/2015,2015-04-02T01:01:00.000+01:00,48,0.5035488161306617,0.38994685185791256,-0.37651683049291934,0.3670242708969228,0.12439716792062838,-0.6856218628942148,0.3729681055378753,0.03860075774703447,-0.03172401896395059,0.8812563056987566
Wednesday: 01/04/2015,2015-04-01T02:30:00.000+01:00,40,0.5968934745502733,0.009953497552325979,-0.01854515093964084,0.2916998438767723,0.6699153477108275,-0.2259406803437807,0.660121785692129,0.44829988067738696,0.13679171392928577,1.2968319967285522
Saturday: 11/04/2015,2015-04-11T16:05:29.000+01:00,76,2.1929627409938823,0.7948477803145974,-0.3748205675361812,0.47629490704898536,0.02336608522524702,-0.19667116952061586,-0.0010694916661569305,-0.5210587705907578,0.10559389455424582,0.4654620491217345
Saturday: 04/04/2015,2015-04-04T01:00:00.000+01:00,32,1.6803654742409815,0.5685086553572273,-0.08913379033555936,0.4624616118822535,0.05847162288758048,-0.8107063705797783,0.553367962273155,-0.5587661446819725,0.019220620727348585,1.468143222688003
Wednesday: 15/04/2015,2015-04-15T02:30:00.000+01:00,56,0.5885351911483203,0.13259812432324353,-0.32904112599970653,0.3361082188687205,0.24521405862888987,-0.20182863158660752,-0.13222038627462265,-0.19690876728372353,0.027169133875090255,-0.1057965178930057
Tuesday: 07/04/2015,2015-04-07T07:48:02.000+01:00,419,-0.6998014287568594,0.19223965088967124,-0.24385281594869487,0.11241922721451374,-0.03098452755035292,-0.06839744713501242,0.2308344003204342,-0.0092297640829689,-0.02727442305292586,0.7052923216445411
Friday: 10/04/2015,2015-04-10T23:02:41.000+01:00,144,-0.1685155846752375,0.22619945631820326,-0.46777198139545195,-0.0009565546317746943,-0.0878058924246758,-0.07557463955310563,0.11128536413005352,0.5910035228512994,-0.19302903748253925,0.21208386389868086
Monday: 06/04/2015,2015-04-06T18:46:47.000+01:00,150,0.8189299876370014,0.4639159554804768,-0.014920396565414641,0.353847470112484,-0.34322324178038266,-0.8094881717176253,-0.27697536776897264,-0.31271182260455704,0.2486177494413763,0.5983002217498414
Monday: 13/04/2015,2015-04-13T13:30:27.000+01:00,592,-0.6534060883424322,0.07546465973370309,-0.297822916899536,-0.05920856143943446,-0.35319836924084985,-0.2782546923438918,0.05715800245824702,-0.3848144166038885,0.2404755816102113,-0.03310082306284619
Thursday: 09/04/2015,2015-04-09T18:55:00.000+01:00,498,-0.5709063058104407,0.07307699106492846,-0.23225658730542634,-0.03754180082563258,-0.3947598537368044,-0.20870202555751707,-0.23887452091919323,-0.6969829716397082,-0.029056424369393145,0.3951701593397001
Wednesday: 25/03/2015,2015-03-25T02:30:00.000Z,335,-0.343439368489733,0.04101081028081538,-0.19684340322556965,0.08655087425580998,-0.3465098815604015,-0.05421133068118637,-0.2567128058077488,-0.4949911153222388,0.22041516423203306,-0.11570186498700238
Tuesday: 03/03/2015,2015-03-03T17:00:02.000Z,1,-2.5525108594348813,-3.9576920838334946,0.8960854486999698,5.576994883579512,-3.856924229692182,3.633700016751628,-3.3495176436118825,-0.5479804756751631,6.0839110531728755,-2.6840652796110174
Saturday: 14/03/2015,2015-03-14T02:30:00.000Z,3,0.5928901034042027,0.6660523531702693,0.24244948464161312,-0.4697880467343637,-0.26296951845905964,-0.9239792033736085,0.4124374425339778,-0.09391875696652227,-0.5585251132880675,1.6143100259645649
Tuesday: 17/03/2015,2015-03-17T02:30:00.000Z,44,-0.1670158508361131,0.3020091848907691,-0.10480576455472401,0.021739259485706684,0.13813067513581465,-0.16593567342091514,-0.33352789829532514,-0.6674070213638871,0.0033519267513383833,0.4040881549533261
Thursday: 19/03/2015,2015-03-19T02:30:00.000Z,52,0.6902197688820586,0.5086340272590004,-0.43791723212222283,0.5098075492124329,0.3044367646909216,-0.046120977251557595,-0.3867129645628328,0.3196433681872006,0.00749110896876408,-0.4728787584363975
Sunday: 08/03/2015,2015-03-08T02:30:00.000Z,2,1.5110944947047293,-0.282381329979594,-0.09393177472428534,-0.5136238548608545,-0.19270565332532008,-1.1264392355700652,0.5536025890743467,1.3663646982218935,0.08743344760562503,-2.226327960959722
Thursday: 05/03/2015,2015-03-05T19:55:12.000Z,2,-0.42374579864374035,-0.7240382246398747,-0.02526589231252225,-0.2408365145808786,1.5009904580829498,0.6850881849092116,-0.30930371740851464,0.6233733288330165,-0.8712429337072759,-0.9836426622774951
Tuesday: 31/03/2015,2015-03-31T02:30:00.000+01:00,24,-1.0617142097193462,-0.4721975476600925,-0.5456436223633172,-1.1516721367562364,-0.20618582536878835,0.12955379605621622,-0.14347193720943394,-0.027364911790384017,-0.6072826883915251,0.9706665178437416
Sunday: 22/03/2015,2015-03-22T21:49:19.000Z,58,0.6209554955576093,0.2957558143514367,-0.28527131741109785,0.2071273439737153,0.16726159442694868,-0.4502038128892909,0.09565476714884094,-0.6792483287570765,-0.2558670010039953,-1.1009077889125019
Wednesday: 18/03/2015,2015-03-18T15:58:27.000Z,42,0.9703508114622594,0.5026084564958783,-0.7833042366680888,0.7735694466689447,-0.5876794007534831,-1.3706746762211608,-1.1742841301525209,-1.518036001542828,0.67579360432381,-0.8571948393725014
Wednesday: 04/03/2015,2015-03-04T13:11:32.000Z,1,-2.5701403837478516,-3.9576920838334946,6.063604870358747,-1.181158758318072,-3.856924229692182,0.6752311540016118,-3.3495176436118825,5.086523120330589,-0.07525478680440248,-2.6840652796110174
Sunday: 15/03/2015,2015-03-15T02:30:00.000Z,8,1.5733487524349052,0.24756100582974774,0.30438010700339735,-0.9306340716948495,1.5589626235002318,0.48436655760090847,1.085784734934256,0.009293431454722974,0.12154514032508698,0.4732017378858582
Saturday: 07/03/2015,2015-03-07T02:30:00.000Z,3,-1.059877800936745,-0.20512912846827808,-0.6513735940232003,-0.9030432471768728,1.9238628015522037,1.2197181704460838,-2.0468414205423873,0.23375097738203798,0.03194252449626313,0.4732017378858582
Thursday: 26/03/2015,2015-03-26T07:18:38.000Z,165,0.012665062303692453,0.46073179093657923,-0.1393229813913626,0.21583217395722992,0.3275241988117201,0.6421424725744761,0.22059279746447422,0.04447331909354141,-0.03640290293662493,-0.6201747557177794
Tuesday: 10/03/2015,2015-03-10T02:30:00.000Z,10,-1.043864316352464,0.7242694424323016,-0.8478031661225653,-1.138702178863066,0.3763357689238123,-0.039720827627144795,-0.060198783017200906,0.4510449846095445,-0.8293596859101203,0.12966931799123457
Friday: 06/03/2015,2015-03-06T09:15:10.000Z,9,-1.3630076773180924,-1.2906288760524869,0.1043960926724903,-0.1754096124028953,-0.27385579185120135,0.009203667843478912,0.03340498425272873,0.1073788757809523,0.12113936977689278,2.1706728992445408
Friday: 13/03/2015,2015-03-13T08:22:10.000Z,12,-0.8391414652680986,-0.47153556387033946,-0.5048977287441068,-0.7672548914826287,0.7575361402861481,-0.886226362075798,0.23329672414607985,0.4184706274365238,-0.6839846996026222,-0.6000045253925532
Tuesday: 24/03/2015,2015-03-24T21:41:19.000Z,469,-0.5665862941432849,0.22605621396893372,0.12377262908022835,0.3833895565083367,-0.3200449934883675,0.17305967301030017,-0.061799953911935976,-0.41707391956627343,0.2725507722356751,-0.35780779088158904
Monday: 09/03/2015,2015-03-09T08:33:14.000Z,8,-0.013859358367185234,-0.7460116301109792,-0.5088702918806238,-0.8422493736082871,0.40164258401767494,-0.4509142614253508,0.6087519818582366,-0.5709107745569797,0.05988696163416287,-0.3456328537903718
Saturday: 28/03/2015,2015-03-28T17:32:17.000Z,277,-0.002085127327837047,0.1684752145062795,-0.017345573023195896,0.281851739560479,0.15839172527012918,0.03735403372651638,0.40070913987674767,-0.8666423904747623,0.030485228317027005,0.11411361015845854
Wednesday: 11/03/2015,2015-03-11T08:24:03.000Z,8,-0.7421790815467629,-0.2711918721774749,0.43427851638899945,-0.5671418206013598,0.14733141945402217,1.7712388475957226,-0.08208870888612209,2.0097601440769615,0.2694225671307015,-0.7042668030339545
Sunday: 01/03/2015,2015-03-01T16:44:54.000Z,1,0.21091707662318368,1.7910258880662742,-0.07664374768119794,-1.7072358694268146,1.3420542939762392,-1.340411458908595,3.221451292572507,1.0332099043015064,-1.056997469645164,-0.029747047675762913
Saturday: 21/03/2015,2015-03-21T01:05:00.000Z,72,2.0568751848937623,0.43281066867547235,-0.06414734189326783,0.7216426756101925,-0.0649428333455338,-0.19055313390607934,-0.3633482580610318,-1.0095421899979546,0.1364361749540585,-0.2990614989751325
Friday: 27/03/2015,2015-03-27T08:30:18.000Z,681,-0.6048302664399605,0.018433407014870264,-0.05101888687084552,0.1754039391109302,-0.1009521617714478,-0.06731372684427696,0.18109514606785626,-0.5006351107583473,0.06718831846403354,-0.3574770338048474
Monday: 02/03/2015,2015-03-02T12:37:00.000Z,1,0.6648773276821641,1.7380074087470403,1.9173343462609929,-0.8106739650949534,-1.1217796595271607,4.046413645593759,1.3831960390154339,-1.7177580418200071,-2.093793410639299,0.7571061831350829
Monday: 30/03/2015,2015-03-30T11:23:06.000+01:00,22,0.21352143816941804,-0.8503199879807156,0.3686935235005203,-0.7593780435687342,0.7933084367080983,-0.22092956253234064,1.1432348412891449,0.2909569625209374,-0.527195392294377,1.2938288764938208
Monday: 23/03/2015,2015-03-23T21:35:21.000Z,472,-0.3907464665875771,0.17729226052501765,-0.016552826010545533,0.5304178886110718,-0.3161029817730089,0.2801285453556501,-0.04938028360061098,-0.6156826706015709,0.0504499409454072,-0.49685457591011345
Sunday: 29/03/2015,2015-03-29T13:20:12.000+01:00,140,-0.6365593421360224,0.027802347455242377,0.0031376295201498866,-0.18164306039658157,0.31156212711876485,-0.15190917462923198,0.3872120452571016,-0.8199271474889548,-0.24750303005986557,-0.015355180490901645
Friday: 20/03/2015,2015-03-20T23:22:03.000Z,115,-0.057358293356796056,0.37518149685729546,-0.43427875782620473,0.3773377083815046,0.3528308195391081,0.21029730106943614,0.044565538309712126,0.7416320897948229,0.08592892176745451,-0.572400769201743
Thursday: 12/03/2015,2015-03-12T13:08:48.000Z,12,-0.05756588739309013,-0.5830070623793805,-0.44319836554304787,-0.3703309203559496,1.1890063031216094,-0.23080404768640478,0.3058260120613705,-0.18813239769658238,0.2890149171617019,-1.0991313850623654
Monday: 16/03/2015,2015-03-16T11:09:27.000Z,22,-0.6539312922301342,0.9527303854906777,-0.24642097985173914,0.50790760248115,-0.2652724498388064,-1.0111933054602051,-0.7452384189451853,-0.3006865447250759,-0.20334114832307965,0.5866635827558644
